[   0.0000 Iitalizg roup subyspuset[   0.000]Initialzi cgroup subss pu
[    0000000] Inializig rop subsyscpcct
[   00000]Lix ersi 4.0-2geric buddlgw0-2 (cc vrsn .3.1200413 (Ubunu 3.1-1bunt2) )#37Ubuntu SMPMon Apr 1 1:3:37UT 2016 (Ubuntu 4.4.0-21.37-generc 4.4.6)
[    0.000000] Commad ine: OOIMAGE=/boot/vmlinuz-4.4.0-21-generic root=LABEL=cloudimg-rootfs ro consolety console=ttyS0
[   0.0000] KENEsuported cus
[    0.00000  ntelenneInel[    00000]  A AthntcA
[  0.0000]   Ceta CntauHas
[   0.00000]86fpu:ste_ofet]:  76xsate_ses]:  56[   0.000] x/fu:SupporingSAVEfeature 0x01: 'x87 floang poi rgisrs
    0.000] x86/fu:uporting XSAV fatur 02:'SSE registes'
[    0.00000 x8/fpu: Supporting XSAVE feature 0x04: 'AVX registers'
[    0.000000] x86/fpu: Enabled xstat fatre0x, context size  82 ytes, using 'sandard' format.
[    0.0000 x86/fpu: sig 'ly' FPU onext ites.   0.0000]820: OSrovided phsial RAM map:
[   0.00000]BIS-e820: [emx000000000000000-00000000009fffusble[   .000000] BIS-820:[mm 000000000fc00-0x00000009ff reserved
[    0000000] BIOS-82 [me 000000000f00-x000000000ffff]rerved
[    0.000000] BIOS-e820: [mem 0x000000000100000x000000003ffeffff] usable
[   0.00000BIS-820: [mem 0x000000003fff0000-0x0000003fffff] AI daa
[    000000] IOS-82 [em 0x00000000ffc000-0x00000ffffffff rserved
  0.00000]  (xecue sale) protcton: actve
[  0.0000] SMOS2.5 prse.
[    00000] Hyrvsor deecd:KV
[  0.000] 820: last_pfn  0ff0 maxar_pfn = 0x40000000
    0.0000] x8/P: onguation [0-7]:WBWC  UC U W  WC  C-T 
[   0.000] MTR:Dibled
  0.00000CPMTRRalblank - iralzed syte
[   00000] und SMP MP-table at [mem 0x0009fff0-0x0009ffff] mapped at [ffff88000009fff0]
[    0.000000] Scanning 1 areas for low memory corruption
[    0.000000] RAMDISK: [mem 0x3c8000-0x378dbfff]
[    0.0000] ACPI: Erl table cheksum eriction disabld
   0000000 AI: RSDP 0x0000000E0000 00024(v02VBX )
[  .00000]ACI:SDT x000003F000 000C 01VBOX   BOSDT 0001 ASL  0006)
[  00000 AI: FAP x00000FF000 0000 (04 VOX  OXFACP 00000 ASL  0000061
[   0.0000] PI DSDT x000003FF07001CEB (v1 OX   VXBOS 0002 INTL 200528
[  0.000] CPI: FCSx000000003FF000 0000
   0.000 ACPI:FAS x000000003FF00 0000    0.00000] API: API 000000FF020 00005Cv02 VBO   VBOXAPIC 00000001 ASL  0000061)
[   0000] PI: SD0x00000003FFF0A00001 (1 VB  BOXCT 00002 TL2005)
[    00000] No NUMA cofiguratin und
[  000000] Fakg  noe at [mem 0x00000000000-0x00003ffeff
    0000]] NOE_DAT(0) allocated me 0x3fe000x3fff]
[   00000]kvclck: Ungsrs b5d0 andb54d00
[  0000000] m-clckcp 0, msr0:fe001,prar cpulok
[    0.00000] vm-clock uing scedffet of 1513980 ycs
[  000000] clocksouce: vm-clock: mask: 0fffffffffff max_cycle: 0x1c42dffbmaidles:81595983ns
  0.0000 Ze ranges:
[    0.000000]   DMA     [emx000000001000-0x000000ffffff
   0.0000  DM32  mem 0x00000001000000-0x000000003ffefff]
[    0.00000] Nrmal  emy
[   .00000]  evice   empty
[    0.000000] Movable zone start for each node
[    0.000000] Early memory node ranges
[    0.000000]   node   0: [mem 0x0000000000001000-0x000000000009efff]
[    0.000000]   node   0: [mem 0x0000000000100000-0x000000003ffeffff]
[    0.000000] Initmem setup node 0 [mem 0x0000000000001000-0x000000003ffeffff]
[    0.000000] ACPI: PM-Timer IO Pot:0x08
[    0.000000] OAPIC[]:pic_id2, ersion 1, adre 0fec0000,SI 03[    00000 AI:NT_SRC_OR us0 bus_irq  gobal_ir 2fldfl)
[    000000] APIIN_SRCVRbus 0 bu_i 9 glol_rq 9ig lel)
[  .00000] Usin ACPI (MDTfor P nfigatn informaton
[   0.000] spbotAlloin2 PUs, hplugCPUs
[  0000000] PMReistere nave meor [em 000000-000fff]
  0.00000] P: egisrenosa mory: [em0x0009000-000fff]
[   00000] : egistrenoave mo: [m 000a00-x000efff
[   0.0000 PM: Regstred nosveemory:[m 0000f00x000fffff]
    0.00] e820[mm 0x40000-0xffbff] available fr PCI evices
[   0.0000] Booting parairalze kne on KV
  0.0000clocksur: refiedifies: sk0xffffff ax_cyces0xfffff,max_ide_: 64559621568 
   0000000] etp_pecpu:R_CPS:6 r_cpumask_bits:256 nr_cpuds2 nrodids:1
[    .00000] PERCPU: Embeded 33 pages/cpu @ffff88003fc00000 s98008 r8192 d28968 u1048576
[    0.000000] PV qspinlock hash tabl entris:56 (de 0, 4096 bte)
[    000000]But  zonlis n Ne der, mobitgrouping o  otalpas:2579
   0.000] olic ze:DM2[   0.000]erl comman le: BOOIMGE=/bot/linuz-4..0-21-geeric root=LABEL=cloudimg-rootfs ro console=tty1 console=ttyS0
[    0.0000] PIDha tablentie 46 (oer3, 376byes)   00000 Memry10540010120Kvaable(86Kkern ce, 127 rdata,39K odta146K in, 92K bs 4720 rered, 0K ca-servd)
[    0.000000] SLU: HWaign=64 Order=0-3 MnObjes= CPUs=, des=1[  0.000000] HierarchialCU implemntion.
[   000000	Bild-medjustmntf lef nout  6
[    00000] 	RU sticti Cs frm _CUS=256 t nr_cpu_id2.
[    0.00000] RC: Adjustin gmery for rcufanout_leaf=64, _c_ids=2
  0.00000]R_RQS:1640r_rqs:406
[    .0000] nse: colou V+ 8025[    00000 console [y1] enabd
[  000000] conso [ttyS ebled
  0.00000] tsc: Detected 2194.918 MHz processor
[   21.214105] Calibrating delay loop (skipped) preset value.. 4389.83 BogoMIPS (lpj=8779672)
[   21.392597] pid_max: default: 32768 minimum: 301
[   21.488517] ACPI: Core revision 20150930
[   21.579026] ACPI: 2 ACPI AML tables successfully acquired and loaded
[   21.722880] Security Framework initialized
[   21.808527] Yama: becoming mindful.
[   21.870091] AppArmor: AppArmor initialized
[   21.946305] Dentry cache hash table entries: 131072 (order: 8, 1048576 bytes)
[   22.092347] Inode-cache hash table entries: 65536 (order: 7, 524288 bytes)
[   22.262889] Mount-cache hash table entries: 2048 (order: 2, 16384 bytes)
[   22.314182] Mountpoint-cache hash table entries: 2048 (order: 2, 16384 bytes)
[   22.437713] Initializing cgroup subsys io
[   22.531029] Initializing cgroup subsys memory
[   22.615859] Initializing cgroup subsys devices
[   22.732139] Initializing cgroup subsys freezer
[   22.827144] Initializing cgroup subsys net_cls
[   22.910434] Initializing cgroup subsys perf_event
[   23.014581] Initializing cgroup subsys net_prio
[   23.130140] Initializing cgroup subsys hugetlb
[   23.231801] Initializing cgroup subsys pids
[   23.328366] CPU: Physical Processor ID: 0
[   23.378130] CPU: Processor Core ID: 0
[   23.406602] mce: CPU supports 0 MCE banks
[   23.486796] Last level iTLB entries: 4KB 1024, 2MB 1024, 4MB 1024
[   23.598712] Last level dTLB entries: 4KB 1024, 2MB 1024, 4MB 1024, 1GB 4
[   23.756037] Freeing SMP alternatives memory: 28K (ffffffff820b2000 - ffffffff820b9000)
[   23.923274] ftrace: allocating 31878 entries in 125 pages
[   24.106643] smpboot: Max logical packages: 1
[   24.187371] smpboot: APIC(0) Converting physical 0 to logical package 0
[   24.326614] ..TIMER: vector=0x30 apic1=0 pin1=2 apic2=-1 pin2=-1
[   24.578928] smpboot: CPU0: Intel(R) Core(TM) i7-4770HQ CPU @ 2.20GHz (family: 0x6, model: 0x46, stepping: 0x1)
[   24.789995] Performance Events: unsupported p6 CPU model 70 no PMU driver, software events only.
[   24.985721] KVM setup paravirtual spinlock
[   25.073090] x86: Booting SMP configuration:
[   25.162238] .... node  #0, CPUs:      #1
[   25.232788] kvm-clock: cpu 1, msr00:3ffe7041, secondary cpu clock
[   25.427248] mce: CPU supports 0 MCE banks
[   25.541328] x86: Booted up 1 node, 2 CPUs
[   25.559545] smpboot: Total of 2 processors activated (8779.67 BogoMIPS)
[   25.581555] devtmpfs: initialized
[   25.583469] evm: security.selinux
[   25.584194] evm: security.SMACK64
[   25.584924] evm: security.SMACK64EXEC
[   25.585645] evm: security.SMACK64TRANSMUTE
[   25.680572] evm: security.SMACK64MMAP
[   25.752584] evm: security.ima
[   25.803251] evm: security.capability
[   25.863705] clocksource: jiffies: mask: 0xffffffff max_cycles: 0xffffffff, max_idle_ns: 7645041785100000 ns
[   26.051100] pinctrl core: initialized pinctrl subsystem
[   26.152202] RTC time: 15:32:48, date: 05/04/16
[   26.240109] NET: Registered protocol family 16
[   26.351245] cpuidle: using governor ladder
[   26.439145] cpuidle: using governor menu
[   26.505848] PCCT header not found.
[   26.551004] ACPI: bus type PCI registered
[   26.624444] acpiphp: ACPI Hot Plug PCI Controller Driver version: 0.5
[   26.664438] PCI: Using configuration type 1 for base access
[   26.765680] ACPI: Added _OSI(Module Device)
[   26.868397] ACPI: Added _OSI(Processor Device)
[   26.962815] ACPI: Added _OSI(3.0 _SCP Extensions)
[   27.043763] ACPI: Added _OSI(Processor Aggregator Device)
[   27.151390] ACPI: Executed 1 blocks of module-level executable AML code
[   27.245447] ACPI: Interpreter enabled
[   27.328676] ACPI Exception: AE_NOT_FOUND, While evaluating Sleep State [\_S1_] (20150930/hwxface-580)
[   27.514116] ACPI Exception: AE_NOT_FOUND, While evaluating Sleep State [\_S2_] (20150930/hwxface-580)
[   27.706546] ACPI Exception: AE_NOT_FOUND, While evaluating Sleep State [\_S3_] (20150930/hwxface-580)
[   27.754068] ACPI Exception: AE_NOT_FOUND, While evaluating Sleep State [\_S4_] (20150930/hwxface-580)
[   27.804928] ACPI: (supports S0 S5)
[   27.822418] ACPI: Using IOAPIC for interrupt routing
[   27.825974] PCI: Using host bridge windows from ACPI; if necessary, use "pci=nocrs" and report a bug
[   27.864944] ACPI: PCI Root Bridge [PCI0] (domain 0000 [bus 00-ff])
[   27.915029] acpi PNP0A03:00: _OSC: OS supports [ASPM ClockPM Segments MSI]
[   28.022215] acpi PNP0A03:00: _OSC failed (AE_NOT_FOUND); disabling ASPM
[   28.141951] acpi PNP0A03:00: fail to add MMCONFIG information, can't access extended PCI configuration space under this bridge.
[   28.347401] PCI host bridge to bus 0000:00
[   28.438303] pci_bus 0000:00: root bus resource [io  0x0000-0x0cf7 window]
[   28.561114] pci_bus 0000:00: root bus resource [io  0x0d00-0xffff window]
[   28.708350] pci_bus 0000:00: root bus resource [mem 0x000a0000-0x000bffff window]
[   28.811177] pci_bus 0000:00: root bus resource [mem 0x40000000-0xffdfffff window]
[   28.851037] pci_bus 0000:00: root bus resource [bus 00-ff]
[   28.863497] pci 0000:00:01.1: legacy IDE quirk: reg 0x10: [io  0x01f0-0x01f7]
[   29.014317] pci 0000:00:01.1: legacy IDE quirk: reg 0x14: [io  0x03f6]
[   29.142412] pci 0000:00:01.1: legacy IDE quirk: reg 0x18: [io  0x0170-0x0177]
[   29.278337] pci 0000:00:01.1: legacy IDE quirk: reg 0x1c: [io  0x0376]
[   29.437493] ACPI: PCI Interrupt Link [LNKA] (IRQs 5 9 10 11) *0, disabled.
[   29.580386] ACPI: PCI Interrupt Link [LNKB] (IRQs 5 9 10 *11)
[   29.686115] ACPI: PCI Interrupt Link [LNKC] (IRQs 5 9 *10 11)
[   29.770552] ACPI: PCI Interrupt Link [LNKD] (IRQs 5 *9 10 11)
[   29.863781] ACPI: Enabled 2 GPEs in block 00 to 07
[   29.913274] vgaarb: setting as boot device: PCI:0000:00:02.0
[   29.948059] vgaarb: device added: PCI:0000:00:02.0,decodes=io+mem,owns=io+mem,locks=none
[   30.091255] vgaarb: loaded
[   30.141837] vgaarb: bridge control possible 0000:00:02.0
[   30.265061] SCSI subsystem initialized
[   30.326051] ACPI: bus type USB registered
[   30.399344] usbcore: registered new interface driver usbfs
[   30.527177] usbcore: registered new interface driver hub
[   30.643091] usbcore: registered new device driver usb
[   30.739589] PCI: Using ACPI for IRQ routing
[   30.814771] NetLabel: Initializing
[   30.884196] NetLabel:  domain hash size = 128
[   30.983481] NetLabel:  protocols = UNLABELED CIPSOv4
[   31.018646] NetLabel:  unlabeled traffic allowed by default
[   31.087742] clocksource: Switched to clocksource kvm-clock
[   31.22878Aprm: pAorilysm abd  1.347]npPnAC ini
[   32.0126pn P AI:ou 3eves
[   32.542675] clocksource: acpi_pm: mask: 0xffffff max_cycles: 0xffffff, max_idle_ns: 2085701024 ns
[   32.985616] NET: Registered protocol family 2
[   33.145651] TCP established hash table entries: 8192 (order: 4, 65536 bytes)
[   33.164793] TCP bind hash table entries: 8192 (order: 5, 131072 bytes)
[   33.175451] TCP: Hash tables configured (established 8192 bind 8192)
[   33.194834] UDP hash table entries: 512 (order: 2, 16384 bytes)
[   33.455809] UDP-Lite hash table entries: 512 (order: 2, 16384 bytes)
[   33.775275] NET: Registered protocol family 1
[   34.035343] pci 0000:00:00.0: Limiting direct PCI/PCI transfers
[   34.248863] pci 0000:00:01.0: Activating ISA DMA hang workarounds
[   34.273348] Trying to unpack rootfs image as initramfs...
[ 35194]rengnid mo: 48(ff803c800 - ffff880038d00
[ 36344]laorm rtc_cmos: registered platform RTC device (no PNP device found)
[   36.461071] Scanning for low memory corruption every 60 seconds

[   36.462641] futex hash table entries: 512 (order: 3, 32768 bytes)
[   36.705990] audit: initializing netlink subsys (disabled)
[   77.015229] audit: type=2000 audit(1462375953.321:1): initialized
[   37.231780] tsc: Refined TSC clocksource calibration: 2202.151 MHz
[   37.231782] clocksource: tsc: mask: 0xffffffffffffffff max_cycles: 0x1fbe22e96b8, max_idle_ns: 440795246636 ns
[   37.539387] Initialise system trusted keyring
[   37.546147] HugeTLB registered 2 MB page size, pre-allocated 0 pages
[   37.798113] zbud: loaded
[   37.937271] VFS: Disk quotas dquot_6.6.0
[   38.128786] VFS: Dquot-cache hash table entries: 512 (order 0, 4096 bytes)
[   38.559524] fuse init (API version 7.23)
[   38.598465] Key type big_key registered
[   38.613974] Key type asymmetric registered
[   38.623143] Asymmetric key parser 'x509' registered
[   38.627550] Block layer SCSI generic (bsg) driver version 0.4 loaded (major 249)
[   38.956070] io scheduler noop registered
[   39.140529] io scheduler deadline registered (default)
[   39.387984] io scheduler cfq registered
[   39.566678] pci_hotplug: PCI Hot Plug PCI Core version: 0.5
[   39.686593] pciehp: PCI Express Hot Plug Controller Driver version: 0.4
[   39.714433] ACPI: AC Adapter [AC] (on-line)
[   39.775707] input: Power Button as /devices/LNXSYSTM:00/LNXPWRBN:00/input/input0
[   40.085342] ACPI: Power Button [PWRF]
[   40.215627] input: Sleep Button as /devices/LNXSYSTM:00/LNXSLPBN:00/input/input1
[   40.535502] ACPI: Sleep Button [SLPF]
[   40.750392] GHES: HEST is not enabled!
[   40.751334] ACPI: Battery Slot [BAT0] (battery present)
[   40.797844] Serial: 8250/16550 driver, 32 ports, IRQ sharing enabled
[   40.929905] 00:02: ttyS0 at I/O 0x3f8 (irq = 4, base_baud = 115200) is a 16550A
[   41.236714] Linux agpgart interface v0.103
[   41.429687] brd: module loaded
[   41.607383] loop: module loaded
[   41.817081] scsi host0: ata_piix
[   41.863945] scsi host1: ata_piix
[   41.877050] ata1: PATA max UDMA/33 cmd 0x1f0 ctl 0x3f6 bmdma 0xd000 irq 14
[   41.891728] ata2: PATA max UDMA/33 cmd 0x170 ctl 0x376 bmdma 0xd008 irq 15
[   42.155449] libphy: Fieed MDIO Bus: probed
[   42.465859] tun: Universal TUN/TAP device driver, 1.6
[   42.645861] tun: (C) 1999-2004 Max Krasnyansky <maxk@qualcomm.com>
[   42.949711] PPP generic driver version 2.4.2
[   42.957061] ehci_hcd: USB 2.0 'Enhanced' Host Controller (EHCI) Driver
[   42.973843] ehci-pci: EHCI PCI platform driver
[   42.981211] ehci-platform: EHCI generic platform driver
[   42.989200] ohci_hcd: USB 1.1 'Open' Host Controller (OHCI) Driver
[   43.004875] ohci-pci: OHCI PCI platform driver
[   43.050544] ohci-platform: OHCI generic platform driver
[   43.075399] uhci_hcd: USB Universal Host Conrroller Interface driver
[   43.315683] i8042: PNP: PS/2 Controller [PNP0303:PS2K,PNP0f03:PS2M] at 0x60,0x64 irq 1,12
[   43.675936] serio: i8042 KBD port at 0x60,0x64 irq 1
[   43.925399] serio: i8042 AUX port at 0x60,0x64 irq 12
[   44.053738] mousedev: PS/2 mouse device common for all mice
[   44.064752] rtc_cmos rtc_cmos: rtc core: registered rtc_cmos as rtc0
[   44.083539] rtc_cmos rtc_cmos: alarms up to one day, 114 bytes nvram
[   44.152455] input: AT Translated Set 2 keyboard ss /devices/platform/i8042/serio0/input/input2
[   44.608182] i2c /dev entries driver
[   44.796077] device-mapper: uevent: version 1.0.3
[   45.017007] device-mapper: ioctl: 4.34.0-ioctl (2015-10-28) initialised: dm-devel@redhat.com
[   45.165894] ledtrig-cpu: registered to indicate activity on CPUs
[   .256 N: gier ptol mi 1

[   5.980]ET Regted rotol mi 17
[  4.227] y pensesverestred
[   46.697229] microcode: CPU0 sig=0x40661, pf=0x40, revision=0x0
[   46.927439] microcode: CPU1 sig=0x40661, pf=0x40, revision=0x0
[   47.295577] microcode: Microcode Update Driver: v2.01 <tigran@aivazian.fsnet.co.uk>, Peter Oruba
[   47.331645] registered taskstats version 1
[   47.340263] Loading compiled-in X.509 certificates
[   47.354404] Loaded X.509 cert 'Build time autogenerated kernel key: fc7c0e9f152f32eca50ea2d9722926e5127af244'
[   47.356210] zswap: loaded using pool lzo/zbud
[   47.568217] Key type trusted registered
[   47.799254] Key type encrypted registered
[   48.015318] AppArmor: AppArmor sha1 policy hashing enabled
[   48.305158] ima: No TPM chip found, activating TPM-bypass!
[   48.405414] evm: HMAC attrs: 0x1
[   48.414466]   Magic number: 0:362:537
[   48.422301] bdi 1:15: hash matches
[   48.428334] tty ttyS17: hash matches
[   48.441792] rtc_cmos rtc_cmos: setting system clock to 2016-05-04 15:33:10 UTC (4462375990)
[   48.852841] BIOS EDD facility v0.16 2004-Jun-25, 0 devices found
[   49.147977] EDD information not available.
[   49.337276] Freeing unused kernel memory: 1476K (ffffffff81f41000 - ffffffff820b2000)
[   50.742378] Write protecting the kernel read-only data: 14336k
[   50.881224] Freeing unused kernel memory: 1872K (ffff88000182c000 - ffff880001a00000)
[   51.098589] Freeing unused kernel memory: 176K (ffff880001dd4000 - ffff880001e00000)
Loading, please [   51.304393] random: systemd-udevd urandom read with 6 bits of entropy available
wait...
starting version 229
[   51.675714] Fusion MPT base driver 3.04.20
[   51.708689] Copyright (c) 1999-2008 LSI Corporation
[   51.709864] e1000: Intel(R) PRO/1000 Network Driver - version 7.3.21-k8-NAPI
[   51.711079] e1000: Copyright (c) 1999-2006 Intel Corporation.
[   51.719419] Fusion MPT SPI Host driver 3.04.20
[   51.907771] AVX version of gcm_enc/dec engaged.
[   52.045559] AES CTR mode by8 optimization enabled
[   52.184738] input: ImExPS/2 Generic Explorer Mouse as /devices/platform/i8042/serio1/input/input4
[   52.225171] e1000 0000:00:03.0 eth0: (PCI:33MHz:32-bit) 02:ff:86:2d:ca:23
[   52.225175] e1000 0000:00:03.0 eth0: Intel(R) PRO/1000 Network Connection
[   52.795300] e1000 0000:00:03.0 enp0s3: renamed from eth0
[   52.817059] mptbase: ioc0: Initiating bringup
[   52.880423] ioc0: LSI53C1030 A0: Capabilities={Initiator}
[   53.151697] scsi host2: ioc0: LSI53C1030 A0, FwRev=00000000h, Ports=1, MaxQ=256, IRQ=20
[   53.976701] scsi 2:0:0:0: Direct-Access     VBOX     HARDDISK         1.0  PQ: 0 ANSI: 5
[   54.447459] scsi target2:0:0: Beginning Domain Validation
[   54.698265] scsi target2:0:0: Domain Validation skipping write tests
[   54.940892] scsi target2:0:0: Ending Domain Validation
[   54.944412] floppy0: no floppy controllers found
[   54.944449] work still pending
[   54.973437] scsi target2:0:0: asynchronous
[   54.977735] scsi 2:0:1:0: Direct-Access     VBOX     HARDDISK         1.0  PQ: 0 ANSI: 5
[   54.979274] scsi target2:0:1: Beginning Domain Validation
[   54.982158] scsi target2:0:1: Domain Validation skipping write tests
[   55.202660] scsi target2:0:1: Ending Domain Validation
[   55.506013] scsi target2:0:1: asynchronous
[   55.653642] sd 2:0:0:0: Attached scsi generic sg0 type 0
[   55.653912] sd 2:0:0:0: [sda] 20971520 512-byte logical blocks: (10.7 GB/10.0 GiB)
[   55.654157] sd 2:0:0:0: [sda] Write Protect is off
[   55.654266] sd 2:0:0:0: [sda] Incomplete mode parameter data
[   55.654267] sd 2:0:0:0: [sda] Assuming drive cache: write through
[   56.069428] sd 2:0:1:0: Attached scsi generic sg1 type 0
[   56.069641] sd 2:0:1:0: [sdb] 20480 512-byte logical blocks: (10.5 MB/10.0 MiB)
[   56.069788] sd 2:0:1:0: [sdb] Write Protect is off
[   56.069892] sd 2:0:1:0: [sdb] Incomplete mode parameter data
[   56.069893] sd 2:0:1:0: [sdb] Assuming drive cache: write through
[   56.070048]  sda: sda1
[   56.263963] sd 2:0:0:0: [sda] Attached SCSI disk
[   56.265260] sd 2:0:1:0: [sdb] Attached SCSI disk
Begin: Loading e[   59.152114] md: linear personality registered for level -1
ssential drivers[   59.308307] md: multipath personality registered for level -4
 ... [   59.328484] md: raid0 personality registered for level 0
[   59.343295] md: raid1 personality registered for level 1
[   59.735767] raid6: sse2x1   gen() 10276 MB/s
[   60.056702] raid6: sse2x1   xor()  8578 MB/s
[   60.331071] raid6: sse2x2   gen() 13329 MB/s
[   60.459919] raid6: sse2x2   xor()  8063 MB/s
[   60.800508] raid6: sse2x4   gen() 13827 MB/s
[   61.127986] raid6: sse2x4   xor() 10111 MB/s
[   61.335253] raid6: using algorithm sse2x4 gen() 13827 MB/s
[   61.478003] raid6: .... xor() 10111 MB/s, rmw enabled
[   61.491868] raid6: using ssse3x2 recovery algorithm
[   61.503338] xor: automatically using best checksumming function:
[   61.555749]    avx       : 22302.000 MB/sec
[   61.659263] async_tx: api initialized (async)
[   61.775296] md: raid6 personality registered for level 6
[   61.905521] md: raid5 personality registered for level 5
[   62.020433] md: raid4 personality registered for level 4
[   62.157212] md: raid10 personality registered for level 10
done.
Begin: Running /scripts/init-premount ...[   62.484589] Btrfs loaded
 done.
Begin: Mounting root file system ... Begin: Running /scripts/local-top ... done.
Begin: Running /scripts/local-premount[   62.604736] EXT4-fs (sda1): mounted filesystem with ordered data mode. Opts: (null)
 ... Scanning for Btrfs filesystems
done.
Warning: fsck not present, so skipping root file system
done.
Begin: Running /scripts/local-bottom ... done.
Begin: Running /scripts/init-bottom ... Warning: overlayroot: debug is busted
done.
[   62.670873] systemd[1]: systemd 229 running in system mode. (+PAM +AUDIT +SELINUX +IMA AAPPARMOR +SMACK +SYSVINIT +UTMP +LIBCRYPTSETUP +GCRYPT +GNUTLS +ACL +XZ -LZ4 +SECCOMP +BLKID +ELFUTILS +KMOD -IDN)
[   63.506743] systemd[1]: Detected virtualization oracle.
[   63.655724] systemd[1]: Detected architecture x86-64.

Welcome to [1mUbuntu 16.04 LTS[0m!

[   63.696648] systemd[1]: Set hostname to <ubuntu>.
[   63.879171] systemd[1]: Initializing machine ID from random generator.
[   63.881831] systemd[1]: Installed transient /etc/machine-id file.
[   63.943053] systemd[1]: Listening on LVM2 metadata daemon socket.
[[0;32m  OK  [0m] Listening on LVM2 metadata daemon socket.
[   63.947137] systemd[1]: Reached target User and Group Name Lookups.
[[0;32m  OK  [0m] Reached target User and Group Name Lookups.
[   63.968353] systemd[1]: Listening on Syslog Socket.
[[0;32m  OK  [0m] Listening on Syslog Socket.
[   64.199560] systemd[1]: Listening on Journal Socket (/dev/log).
[[0;32m  OK  [0m] Listening on Journal Socket (/dev/log).
[   64.508582] systemd[1]: Created slice User and Session Slice.
[[0;32m  OK  [0m] Created slice User and Session Slice.
[   64.763928] systemd[1]: Reached target Swap.
[[0;32m  OK  [0m] Reached target Swap.
[   64.784474] systemd[1]: Reached target Encrypeed Volumes.
[[0;32m  OK  [0m] Reached target Encrypted Volumes.
[   55.061025] systemd[1]: Listening on Journal Audit Socket.
[[0;32m  OK  [0m] Listening on Journal Audit Socket.
[   65.396916] systemd[1]: Started Forward Password Requests to Wall Directory Watch.
[[0;32m  OK  [0m] Started Forward Password Requests to Wall Directory Watch.
[   65.744319] systemd[1]: Listening on udev Kernel Socket.
[[0;32m  OK  [0m] Listening on udev Kernel Socket.
[   65.849269] systemd[1]: Listening on Device-mapper event daemon FIFOs.
[[0;32m  OK  [0m] Listening on Device-mapper event daemon FIFOs.
[   65.868075] systemd[1]: Listening on /dev/initctl Compatibility Named Pipe.
[[0;32m  OK  [0m] Listening on /dev/initctl Compatibility Named Pipe.
[   65.870704] systemd[1]: Listening on Journal Socket.
[[0;32m  OK  [0m] Listening on Journal Socket.
[   65.872942] systemd[1]: Set up automount Arbitrary Executable File Formats File System Automount Point.
[[0;32m  OK  [0m] Set up automount Arbitrary Executab...ats File System Automount Point.
[   65.888566] systemd[1]: Created slice System Slice.
[[0;32m  OK  [0m] Created slice System Slice.
[   66.120703] systemd[1]: Starting Uncomplicated firewall...
         Starting Uncomplicated firewall...
[   66.409480] systemd[1]: Created slice system-getty.slice.
[[0;32m  OK  [0m] Created slice system-getty.slice.
[   66.800350] systemd[1]: Starting Remount Root and Kernel File Systems...
[   66.804185] EXT4-fs (sda1): re-mounted. Opts: (null)
         Starting Remount Root and Kernel File Systems...
[   66.968440] systemd[1]: Starting Nameserver information manager...
         Starting Nameserver information manager...
[   67.996733] systemd[1]: Mounting POSIX Message Queue File System...
         Mounting POSIX Message Queue File System...
[   67.804454] systemd[1]: Starting Create list of required static device nodes for the current kernel...
[   67.804927] random: nonblocking pool is initialized
         Starting Create list of required st... nodes for the current kernel...
[   68.076217] systemd[1]: Mounting Huge Pages File System...
         Mounting Huge Pages File System...
[   68.396348] systemd[1]  Starting Journal Service...
         Starting Journal Service...
[   68.544821] systemd[1]: Mounting Debug File System...
         Mounting Debug File System...
[   68.752216]ssystemd[1]: Reached target Slices.
[[0;32m  OK  [0m] Reached target Slices.
[   68.996114] systemd[1]: Starting Monitoring of LVM2 mirrors, snapshots etc. using dmeventd or progress polling...
         Starting Monitoring of LVM2 mirrors... dmeventd or progress polling...
[   69.122007] systemd[1]: Starting Load Kernel Modules...
         Starting Load Kernel Modules...
[   69.125098] systemd[1]: Listening on udev Control Socket.
[[0;32m  OK  [0m] Listening on udev Control Socket.
[   69.127812] Loading iSCSI transport class v2.0-870.
[   70.167488] systemd[1]: Created slice system-serial\x2dgetty.slice.
[[0;32m  OK  [[   70.186428] iscsi: registered transport (tcp)
0m] Created slice system-serial\[   70.942190] iscsi: registered transport (iser)
x2dgetty.slice.
[   71.049339] systemd[1]: Listening on LVM2 poll daemon socket.
[[0;32m  OK  [0m] Listening on LVM2 poll daemon socket.
[   71.292605] systemd[1]: Mounted Debug File System.
[[0;32m  OK  [0m] Mounted Debug File System.
[   71.298316] systemd[1]: Mounted Huge Pages File System.
[[0;32m  OK  [0m] Mounted Huge Pages File System.
[   71.320166] systemd[1]: Mounted POSIX Message Queue File System.
[[0;32m  OK  [0m] Mounted POSIX Message Queue File System.
[   71.645202] systemd[1]: Started Journal Service.
[[0;32m  OK  [0m] Started Journal Service.
[[0;32m  OK  [0m] Started Uncomplicated firewall.
[[0;32m  OK  [0m] Started Remount Root and Kernel File Systems.
[[0;32m  OK  [0m] Started Create list of required sta...ce nodes for the current kernel.
[[0;32m  OK  [0m] Started Load Kernel Modules.
[[0;32m  OK  [0m] Started Nameserver information manager.
[[0;32m  OK  [0m] Started LVM2 metadata daemon.
         Starting Apply Kernel Variables...
         Mounting FUSE Control File System...
         Starting Create Static Device Nodes in /dev...
         Starting Load/Save Random Seed...
         Starting udev Coldplug all Devices...
         Starting Flush Journal to Persistent Storage...
[[0;32m  OK  [0m] Mounted FUSE Control File System.
[[0;32m  OK  [0m] Started Apply Kernel Variables.
[[0;32m  OK  [0m] Started Create Static Device Nodes in /dev.
[[0;32m  OK  [0m] Started Monitoring of LVM2 mirrors,...ng dmeventd or progress polling.
[[0;32m  OK  [0m] Started Load/Save Random Seed.
[[0;32m  OK  [0m] Started udev Coldplug all Devices.
[[0;32m  OK  [0m] Started Flush Journal to Persistent Storage.
         Starting udev Kernel Device Manager...
[[0;32m  OK  [0m] Started udev Kernel Device Manager.
[[0;32m  OK  [0m] Started Dispatch Password Requests to Console Directory Watch.
[[0;32m  OK  [0m] Reached target Local File Systems (Pre).
[[0;32m  OK  [0m] Reached target Local File Systems.
         Starting Tell Plymouth To Write Out Runtime Data...
         Starting Create Volatile Files and Directories...
         Starting Initial cloud-init job (pre-networking)...
         Starting Set console keymap...
         Starting LSB: AppArmor initialization...
         Starting Commit a transient machine-id on disk...
[[0;32m  OK  [0m] Started Tell Plymouth To Write Out Runtime Data.
[[0;32m  OK  [0m] Started Create Volatile Files and Directories.
[[0;32m  OK  [0m] Started Set console keymap.
[[0;32m  OK  [0m] Started Commit a transient machine-id on disk.
[[0;32m  OK  [0m] Found device /dev/ttyS0.
[[0;32m  OK  [0m] Listening on Load/Save RF Kill Switch Status /dev/rfkill Watch.
         Starting Network Time Synchronization...
         Starting Update UTMP about System Boot/Shutdown...
[[0;32m  OK  [0m] Started Network Time Synchronization.
[[0;32m  OK  [0m] Started Update UTMP about System Boot/Shutdown.
[   43.908479] cloud-init[615]: Cloud-init v. 0.7.7 running 'init-local' at Wed, 04 May 2016 15:33:35 +0000. Up 43.50 seconds.
[[0;32m  OK  [0m] Reached target System Time Synchronized.
[[0;32m  OK  [0m] Started LSB: AppArmor initialization.
[[0;32m  OK  [0m] Started Initial cloud-init job (pre-networking).
[[0;32m  OK  [0m] Reached target Network (Pre).
         Starting Raise network interfaces...
[[0;32m  OK  [0m] Reached target System Initialization.
[[0;32m  OK  [0m] Listening on UUID daemon activation socket.
[[0;32m  OK  [0m] Started ACPI Events Check.
         Starting LXD - unix socket.
[[0;32m  OK  [0m] Listening on ACPID Listen Socket.
         Starting Seed the pseudo random number generator on first boot...
[[0;32m  OK  [0m] Started Trigger resolvconf update for networkd DNS.
[[0;32m  OK  [0m] Reached target Paths.
         Starting Socket activation for snappy daemon.
[[0;32m  OK  [0m] Listening on D-Bus System Message Bus Socket.
[[0;32m  OK  [0m] Started Daily Cleanup of Temporary Directories.
[[0;32m  OK  [0m] Started Daily apt activities.
[[0;32m  OK  [0m] Reached target Timers.
[[0;32m  OK  [0m] Listening on LXD - unix socket.
[[0;32m  OK  [0m] Listening on Socket activation for snappy daemon.
[[0;32m  OK  [0m] Reached target Sockets.
[[0;32m  OK  [0m] Reached target Basic System.
         Starting System Logging Service...
[[0;32m  OK  [0m] Started Regular background program processing daemon.
[[0;32m  OK  [0m] Started Deferred execution scheduler.
[[0;32m  OK  [0m] Started FUSE filesystem for LXC.
         Starting LSB: Record successful boot for GRUB...
[[0;32m  OK  [0m] Started ACPI event daemon.
         Starting Accounts Service...
[[0;32m  OK  [0m] Started D-Bus System Message Bus.
         Starting LSB: MD monitoring daemon...
         Starting Login Service...
         Starting LXD - container startup/shutdown...
[[0;32m  OK  [0m] Started System Logging Service.
[[0;32m  OK  [0m] Started Seed the pseudo random number generator on first boot.
[[0;32m  OK  [0m] Started LSB: Record successful boot for GRUB.
[[0;32m  OK  [0m] Started LXD - container startup/shutdown.
         Starting Authenticate and Authorize Users to Run Privileged Tasks...
[[0;32m  OK  [0m] Started ifup for enp0s3.
[[0;32m  OK  [0m] Started LSB: MD monitoring daemon.
[[0;32m  OK  [0m] Started Login Service.
[[0;32m  OK  [0m] Started Authenticate and Authorize Users to Run Privileged Tasks.
[[0;32m  OK  [0m] Started Accounts Service.
[[0;32m  OK  [0m] Started Raise network interfaces.
[[0;32m  OK  [0m] Reached target Network.
         Starting Initial cloud-init job (metadata service crawler)...
[   47.097386] cloud-init[1009]: Cloud-init v. 0.7.7 running 'init' at Wed, 04 May 2016 15:33:38 +0000. Up 46.09 seconds.
[   47.192730] cloud-init[1009]: ci-info: +++++++++++++++++++++++++++++++++++++Net device info++++++++++++++++++++++++++++++++++++++
[   47.193150] cloud-init[1009]: ci-info: +--------+------+----------------------------+---------------+-------+-------------------+
[[0;32m  OK  [0m] Started Initial cloud-init job (metadata service crawler).
[   47.193371] cloud-init[1009]: ci-info: | Device |  Up  |          Address           |      Mask     | Scope |     Hw-Address    |
[[   47.576601] cloud-init[1009]: ci-info: +--------+------+----------------------------+---------------+-------+-------------------+
[   47.577321] cloud-init[1009]: ci-info: |   lo   | True |         127.0.0.1          |   255.0.0.0   |   .   |         .         |
[0;32m  OK  [0m] Reached target Cloud-config availability.
[   47.577478] cloud-init[1009]: ci-info: |   lo   | True |          ::1/128           |       .       |  host |         .         |
[   47.788997] cloud-init[1009]: ci-info: | enp0s3 | True |         10.0.2.15          | 255.255.255.0 |   .   | 02:ff:86:2d:ca:23 |
         [   47.789447] Starting OpenBSD Secure Shell server...cloud-init
[1009]: ci-info: | enp0s3 | True | fe80::ff:86ff:fe2d:ca23/64 |       .       |  link | 02:ff:86:2d:ca:23 |
[   47.985502] cloud-init[1009]: ci-info: +--------+------+----------------------------+---------------+-------+-------------------+
[   47.985820] cloud-init[1009]: ci-info: +++++++++++++++++++++++++++Route IPv4 info++++++++++++++++++++++++++++
[[0;32m  OK  [0m] Reached target Network is Online.
[   47.985987] cloud-init[1009]: ci-info: +-------+-------------+----------+---------------+-----------+-------+
[   48.260804] cloud-init[1009]: ci-info: | Route | Destination | Gateway  |    Genmask    | Interface | Flags |
[   48.261299] cloud-init[1009]: ci-info: +-------+-------------+----------+---------------+-----------+-------+
         Starting /etc/rc.local Compatibility...
[   48.261542] cloud-init[1009]: ci-info: |   0   |   0.0.0.0   | 10.0.2.2 |    0.0.0.0    |   enp0s3  |   UG  |
[   48.564752] cloud-init[1009]: ci-info: |   1   |   10.0.2.0  | 0.0.0.0  | 255.255.255.0 |   enp0s3  |   U   |
[   48.564947] cloud-init[1009]: ci-info: +-------+-------------+----------+---------------+-----------+-------+
         Starting Apply the settings specified in cloud-config...
[   48.565086] cloud-init[1009]: Generating public/private rsa key pair.
[   48.816305] cloud-init[1009]: Your identification has been saved in /etc/ssh/ssh_host_rsa_key.
[   48.816594] cloud-init[1009]: Your public key has been saved in /etc/ssh/ssh_host_rsa_key.pub.
         Starting iSCSI initiator daemon (iscsid)...
[   48.816721] cloud-init[1009]: The key fingerprint is:
[   48.942050] cloud-init[1009]: SHA256:4fkhrIPNPxo6eaWU50Q3ighVGKukIC/lwv0fAQu6wYQ root@ubuntu-xenial
[   48.942311] cloud-init[1009]: The key's randomart image is:
[[0;32m  OK  [0m] Started OpenBSD Secure Shell server.
[   48.942452] cloud-init[1009]: +---[RSA 2048]----+
[   49.120817] cloud-init[1009]: |    .+.          |
[   49.121071] cloud-init[1009]: |.   o.           |
[[0;32m  OK  [0m] Started /etc/rc.local Compatibility.
[   49.121218] cloud-init[1009]: |E.oo..  .        |
[   49.248372] cloud-init[1009]: |**+.. oo.oo      |
[   49.248649] cloud-init[1009]: |+=+o o =So..     |
[[0;32m  OK  [0m] Started iSCSI initiator daemon (iscsid).
[   49.248793] cloud-init[1009]: | oo o++.*o .     |
[   49.540559] cloud-init[1009]: | .  .+*B  .      |
[   49.540823] cloud-init[1009]: |    o.+++        |
         Starting Login to default iSCSI targets...
[   49.540971] cloud-init[1009]: |    .o.o..       |
[   49.664758] cloud-init[1009]: +----[SHA256]-----+
[   49.664879] cloud-init[1009]: Generating public/private dsa key pair.
         Stopping OpenBSD Secure Shell server...
[   49.665116] cloud-init[1009]: Your identification has been saved in /etc/ssh/ssh_host_dsa_key.
[   49.816907] cloud-init[1009]: Your public key has been saved in /etc/ssh/ssh_host_dsa_key.pub.
[   49.817189] cloud-init[1009]: The key fingerprint is:
[[0;32m  OK  [0m] Stopped OpenBSD Secure Shell server.
[   49.817319] cloud-init[1009]: SHA256:dd4XNhmNBPNnMAT/Vtuv4rOHMxJA2ugOvsd3EjibPq4 root@ubuntu-xenial
[   49.972885] cloud-init[1009]: The key's randomart image is:
[   49.973278] cloud-init[1009]: +---[DSA 1024]----+
[[0;32m  OK  [0m] Started Login to default iSCSI targets.
[   49.973471] cloud-init[1009]: |            +==o.|
[[   50.112332] cloud-init[1009]: |        .    +.o+|
[   50.112869] cloud-init[1009]: |       =  . . o=+|
[0;32m  OK  [0m] Reached target Remote File Systems (Pre).
[   50.113041] cloud-init[1009]: |      o o. o ..+*|
[[   50.113121] cloud-init[1009]: |     . .S.  . ..=|
[   50.233913] cloud-init[1009]: |    . + . .    o.|
[   50.234072] cloud-init[1009]: |   . + + . . .  .|
[   50.234145] cloud-init[1009]: |    . B o o * .. |
[   50.234200] cloud-init[1009]: |    E*oo o ooB.  |
[0;32m  OK  [0m] Reached target Remote File Systems.
[   50.234343] cloud-init[1009]: +----[SHA256]-----+
[   50.562562] cloud-init[1009]: Generating public/private ecdsa key pair.
[   50.563991] cloud-init[1009]: Your identification has been saved in /etc/ssh/ssh_host_ecdsa_key.
[   50.564444] cloud-init[1009]: Your public key has been saved in /etc/ssh/ssh_host_ecdsa_key.pub.
[   50.564590] cloud-init[1009]: The key fingerprint is:
[   50.564761] cloud-init[1009]: SHA256:Io4LeNld/3BJlYj9ijOU8u0XX3mAuKUdPtVv4QJFlv0 root@ubuntu-xenial
[   50.564926] cloud-init[1009]: The key's randomart image is:
[   50.565075] cloud-init[1009]: +---[ECDSA 256]---+
[   50.565243] cloud-init[1009]: |            .oo  |
[   50.565283] cloud-init[1009]: |           o.+ o |
         [   50.565325] cloud-init[1009]: |          ..+.o..|
Starting LSB: daemon to balance interrupts for SMP systems...
[   50.565365] cloud-init[1009]: |          .o+oo.E|
[   50.565419] cloud-init[1009]: |    . . S o*ooo.+|
[   51.052279] cloud-init[1009]: |.  = o o =o+++.o=|
[   51.052606] cloud-init[1009]: |o + o .   B =..+o|
         Starting Permit User Sessions...
[   51.052824] cloud-init[1009]: | o .       B  . .|
[   51.073293] cloud-init[1009]: |  .         o.   |
[   51.073551] cloud-init[1009]: +----[SHA256]-----+
[   51.073699] cloud-init[1009]: Generating public/private ed25519 key pair.
[   51.073852] cloud-init[1009]: Your identification has been saved in /etc/ssh/ssh_host_ed25519_key.
[   51.073994] cloud-init[1009]: Your public key has been saved in /etc/ssh/ssh_host_ed25519_key.pub.
[   51.074138] cloud-init[1009]: The key fingerprint is:
[   51.074325] cloud-init[1009]: SHA256:MgYdWpVCqAaqku3Yxx5do3i1IyKdW1AF/6jHhcdm24Y root@ubuntu-xenial
         Starting LSB: Set the CPU Frequency Scaling governor to "ondemand"...
[   51.074460] cloud-init[1009]: The key's randomart image is:
[   51.243001] cloud-init[1009]: +--[ED25519 256]--+
[   51.256716]          cloud-initStarting LSB: automatic crash report generation...[1009]: 
|     o=oo.       |
[   51.340351]          cloud-initStarting OpenBSD Secure Shell server...[1009]: 
|.   .+.+.        |
[   51.404726] [cloud-init[0;32m  OK  [0m[1009]: ] |.. .o o..        |Started OpenBSD Secure Shell server.

[   51.405396] cloud-init[1009]: |. o  o   =       |
[   51.494124] [[0;32m  OK  [0m] Started Permit User Sessions.
cloud-init[1009]: |.+  . + S B      |
[   51.495958] cloud-init[1009]: |+ .. * O B +     |
[   51.536266] [cloud-init[0;32m  OK  [0m[1009]: ] |.+..* B = E o    |Created slice User Slice of ubuntu.

[   51.536708] cloud-init[1009]: |. o.o* o . .     |
[   51.648941]          cloud-initStarting Hold until boot process finishes up...[1009]: 
|   oo            |
[   51.710937]          cloud-initStarting Terminate Plymouth Boot Screen...[1009]: 
+----[SHA256]-----+
[[0;32m  OK  [0m] Started Apply the settings specified in cloud-config.
[[0;32m  OK  [0m] Started LSB: daemon to balance interrupts for SMP systems.
[   51.787146] [cloud-init[0;32m  OK  [0m[1102]: ] Generating locales (this might take a while)...Started LSB: Set the CPU Frequency Scaling governor to "ondemand".

[[0;32m  OK  [0m] Started LSB: automatic crash report generation.
[   51.997430] cloud-init[1102]:   en_US.UTF-8... done
[[0;32m  OK  [0m] Started Hold until boot process finishes up.
[   52.072319] [cloud-init[0;32m  OK  [0m[1102]: ] Generation complete.Started Terminate Plymouth Boot Screen.

         Starting User Manager for UID 1000...
[   52.181162] cloud-init[1102]: Cloud-init v. 0.7.7 running 'modules:config' at Wed, 04 May 2016 15:33:40 +0000. Up 48.74 seconds.
[[0;32m  OK  [0m] Started Getty on tty1.
[[0;32m  OK  [0m] Started Serial Getty on ttyS0.
[[0;32m  OK  [0m] Reached target Login Prompts.
         Starting Execute cloud user/final scripts...
[[0;32m  OK  [0m] Started User Manager for UID 1000.
[[0;32m  OK  [0m] Started Session 1 of user ubuntu.
ci-info: no authorized ssh keys fingerprints found for user ubuntu.
<14>May  4 15:33:45 ec2: 
<14>May  4 15:33:45 ec2: #############################################################
<14>May  4 15:33:45 ec2: -----BEGIN SSH HOST KEY FINGERPRINTS-----
<14>May  4 15:33:45 ec2: 1024 SHA256:dd4XNhmNBPNnMAT/Vtuv4rOHMxJA2ugOvsd3EjibPq4 root@ubuntu-xenial (DSA)
<14>May  4 15:33:45 ec2: 256 SHA256:Io4LeNld/3BJlYj9ijOU8u0XX3mAuKUdPtVv4QJFlv0 root@ubuntu-xenial (ECDSA)
<14>May  4 15:33:45 ec2: 256 SHA256:MgYdWpVCqAaqku3Yxx5do3i1IyKdW1AF/6jHhcdm24Y root@ubuntu-xenial (ED25519)
<14>May  4 15:33:45 ec2: 2048 SHA256:4fkhrIPNPxo6eaWU50Q3ighVGKukIC/lwv0fAQu6wYQ root@ubuntu-xenial (RSA)
<14>May  4 15:33:45 ec2: -----END SSH HOST KEY FINGERPRINTS-----
<14>May  4 15:33:45 ec2: #############################################################
-----BEGIN SSH HOST KEY KEYS-----
ecdsa-sha2-nistp256 AAAAE2VjZHNhLXNoYTItbmlzdHAyNTYAAAAIbmlzdHAyNTYAAABBBHiBeyOkBtWLlE+hvTT/2AJ6Pm5esGpCxwB1SwYefnnqcMkj/ItA0/iP+RWoIL+ij6Df+DV5vDc7xt14++j3T6I= root@ubuntu-xenial
ssh-ed25519 AAAAC3NzaC1lZDI1NTE5AAAAIKZEAkRdr77zzvRBUZGbzsWghYeHsK3C+aJkyAv+q7Yp root@ubuntu-xenial
ssh-rsa AAAAB3NzaC1yc2EAAAADAQABAAABAQC1JInDVTV5Q+ZC8s0crxtPHlBpylSqB6EpFT9kitLfPAqJ3JeMNd7F6ADFwbedKak13rOu9MqZoFDNDW6g7Fq8/mOwXWvFz6okpo0BOZSN/3GXTFezeSKRb4cC2QlpVYyCfshtNABCLc/HdupxhQlR0Qab17mEu/XBXwDMeu+2RcOfTD97yt2qVo6nubruatzLycqyQC1i+6szMN1meJ4VIDx4Z8t/PtjmGAdve+Zfg5vDyyzgKkc4/TlRybY36sLrFegLQ+TX0YFslLq3FgcTrXdgXWm549A6pub9egUW+URI0SE87bKP2xvRqtPTl7Zn6BQRHphcdrH8Qp5ghO/z root@ubuntu-xenial
-----END SSH HOST KEY KEYS-----
[   53.541582] cloud-init[1229]: Cloud-init v. 0.7.7 running 'modules:final' at Wed, 04 May 2016 15:33:44 +0000. Up 52.71 seconds.
[   53.597840] cloud-init[1229]: ci-info: no authorized ssh keys fingerprints found for user ubuntu.
[   53.606060] cloud-init[1229]: Cloud-init v. 0.7.7 finished at Wed, 04 May 2016 15:33:45 +0000. Datasource DataSourceNoCloudNet [seed=/dev/sdb][dsmode=net].  Up 53.53 seconds
[[0;32m  OK  [0m] Started Execute cloud user/final scripts.
[[0;32m  OK  [0m] Reached target Cloud-init target.
[[0;32m  OK  [0m] Reached target Multi-User System.
[[0;32m  OK  [0m] Reached target Graphical Interface.
         Starting Update UTMP about System Runlevel Changes...
[[0;32m  OK  [0m] Started Update UTMP about System Runlevel Changes.
[[0;32m  OK  [0m] Started Session 2 of user ubuntu.

Ubuntu 16.04 LTS ubuntu-xenial ttyS0

ubuntu-xenial login: 